c:\users\bar12\source\repos\tuxball\tuxballsdl\project2\x64\debug\vc142.pdb
c:\users\bar12\source\repos\tuxball\tuxballsdl\project2\x64\debug\vc142.idb
c:\users\bar12\source\repos\tuxball\tuxballsdl\project2\x64\debug\vectorhandler.obj
c:\users\bar12\source\repos\tuxball\tuxballsdl\project2\x64\debug\tilemapobj.obj
c:\users\bar12\source\repos\tuxball\tuxballsdl\project2\x64\debug\texturemanager.obj
c:\users\bar12\source\repos\tuxball\tuxballsdl\project2\x64\debug\rectagle.obj
c:\users\bar12\source\repos\tuxball\tuxballsdl\project2\x64\debug\point.obj
c:\users\bar12\source\repos\tuxball\tuxballsdl\project2\x64\debug\animationhandle.obj
c:\users\bar12\source\repos\tuxball\tuxballsdl\project2\x64\debug\main.obj
c:\users\bar12\source\repos\tuxball\tuxballsdl\project2\x64\debug\gameobject.obj
c:\users\bar12\source\repos\tuxball\tuxballsdl\project2\x64\debug\game.obj
c:\users\bar12\source\repos\tuxball\tuxballsdl\project2\x64\debug\ecs.obj
c:\users\bar12\source\repos\tuxball\tuxballsdl\project2\x64\debug\collision.obj
c:\users\bar12\source\repos\tuxball\tuxballsdl\x64\debug\tuxball.exe
c:\users\bar12\source\repos\tuxball\tuxballsdl\x64\debug\tuxball.ilk
c:\users\bar12\source\repos\tuxball\tuxballsdl\x64\debug\tuxball.pdb
c:\users\bar12\source\repos\tuxball\tuxballsdl\project2\x64\debug\tuxball.res
c:\users\bar12\source\repos\tuxball\tuxballsdl\project2\x64\debug\tuxball.tlog\cl.command.1.tlog
c:\users\bar12\source\repos\tuxball\tuxballsdl\project2\x64\debug\tuxball.tlog\cl.read.1.tlog
c:\users\bar12\source\repos\tuxball\tuxballsdl\project2\x64\debug\tuxball.tlog\cl.write.1.tlog
c:\users\bar12\source\repos\tuxball\tuxballsdl\project2\x64\debug\tuxball.tlog\link.command.1.tlog
c:\users\bar12\source\repos\tuxball\tuxballsdl\project2\x64\debug\tuxball.tlog\link.read.1.tlog
c:\users\bar12\source\repos\tuxball\tuxballsdl\project2\x64\debug\tuxball.tlog\link.write.1.tlog
c:\users\bar12\source\repos\tuxball\tuxballsdl\project2\x64\debug\tuxball.tlog\rc.command.1.tlog
c:\users\bar12\source\repos\tuxball\tuxballsdl\project2\x64\debug\tuxball.tlog\rc.read.1.tlog
c:\users\bar12\source\repos\tuxball\tuxballsdl\project2\x64\debug\tuxball.tlog\rc.write.1.tlog
